<?xml version="1.0" encoding="UTF-8"?>
<testng-results ignored="0" total="5" passed="5" failed="0" skipped="0">
  <reporter-output>
  </reporter-output>
  <suite started-at="2024-04-27T09:11:47 EDT" name="All Test Suite" finished-at="2024-04-27T09:12:19 EDT" duration-ms="31902">
    <groups>
      <group name="ErrorHandling">
        <method signature="ErrorTests.invalidLogin()[pri:0, instance:Tests.ErrorTests@8519cb4]" name="invalidLogin" class="Tests.ErrorTests"/>
        <method signature="ErrorTests.productErrorValidation()[pri:0, instance:Tests.ErrorTests@8519cb4]" name="productErrorValidation" class="Tests.ErrorTests"/>
      </group> <!-- ErrorHandling -->
      <group name="Purchase">
        <method signature="PositiveTests.submitOrder(java.util.HashMap)[pri:0, instance:Tests.PositiveTests@5d534f5d]" name="submitOrder" class="Tests.PositiveTests"/>
      </group> <!-- Purchase -->
    </groups>
    <test started-at="2024-04-27T09:11:47 EDT" name="Negative Tests" finished-at="2024-04-27T09:12:08 EDT" duration-ms="20865">
      <class name="Tests.ErrorTests">
        <test-method is-config="true" signature="launchApplication()[pri:0, instance:Tests.ErrorTests@8519cb4]" started-at="2024-04-27T09:11:47 EDT" name="launchApplication" finished-at="2024-04-27T09:11:57 EDT" duration-ms="9914" status="PASS">
          <reporter-output>
          </reporter-output>
        </test-method> <!-- launchApplication -->
        <test-method signature="invalidLogin()[pri:0, instance:Tests.ErrorTests@8519cb4]" started-at="2024-04-27T09:11:57 EDT" name="invalidLogin" finished-at="2024-04-27T09:11:59 EDT" duration-ms="1799" status="PASS">
          <reporter-output>
          </reporter-output>
        </test-method> <!-- invalidLogin -->
        <test-method is-config="true" signature="tearDown()[pri:0, instance:Tests.ErrorTests@8519cb4]" started-at="2024-04-27T09:11:59 EDT" name="tearDown" finished-at="2024-04-27T09:11:59 EDT" duration-ms="188" status="PASS">
          <reporter-output>
          </reporter-output>
        </test-method> <!-- tearDown -->
        <test-method is-config="true" signature="launchApplication()[pri:0, instance:Tests.ErrorTests@8519cb4]" started-at="2024-04-27T09:11:59 EDT" name="launchApplication" finished-at="2024-04-27T09:12:05 EDT" duration-ms="5661" status="PASS">
          <reporter-output>
          </reporter-output>
        </test-method> <!-- launchApplication -->
        <test-method signature="productErrorValidation()[pri:0, instance:Tests.ErrorTests@8519cb4]" started-at="2024-04-27T09:12:05 EDT" name="productErrorValidation" finished-at="2024-04-27T09:12:08 EDT" duration-ms="3160" status="PASS">
          <reporter-output>
          </reporter-output>
        </test-method> <!-- productErrorValidation -->
        <test-method is-config="true" signature="tearDown()[pri:0, instance:Tests.ErrorTests@8519cb4]" started-at="2024-04-27T09:12:08 EDT" name="tearDown" finished-at="2024-04-27T09:12:08 EDT" duration-ms="91" status="PASS">
          <reporter-output>
          </reporter-output>
        </test-method> <!-- tearDown -->
      </class> <!-- Tests.ErrorTests -->
    </test> <!-- Negative Tests -->
    <test started-at="2024-04-27T09:11:47 EDT" name="Positive Tests" finished-at="2024-04-27T09:12:19 EDT" duration-ms="31902">
      <class name="Tests.PositiveTests">
        <test-method is-config="true" signature="launchApplication()[pri:0, instance:Tests.PositiveTests@5d534f5d]" started-at="2024-04-27T09:11:48 EDT" name="launchApplication" finished-at="2024-04-27T09:11:57 EDT" duration-ms="9065" status="PASS">
          <reporter-output>
          </reporter-output>
        </test-method> <!-- launchApplication -->
        <test-method signature="submitOrder(java.util.HashMap)[pri:0, instance:Tests.PositiveTests@5d534f5d]" started-at="2024-04-27T09:11:57 EDT" name="submitOrder" data-provider="getData" finished-at="2024-04-27T09:12:02 EDT" duration-ms="5254" status="PASS">
          <params>
            <param index="0">
              <value>
                <![CDATA[{password=Dumsdumsdums3@, product=ZARA COAT 3, email=dum@dum.dum}]]>
              </value>
            </param>
          </params>
          <reporter-output>
          </reporter-output>
        </test-method> <!-- submitOrder -->
        <test-method is-config="true" signature="tearDown()[pri:0, instance:Tests.PositiveTests@5d534f5d]" started-at="2024-04-27T09:12:02 EDT" name="tearDown" finished-at="2024-04-27T09:12:02 EDT" duration-ms="197" status="PASS">
          <reporter-output>
          </reporter-output>
        </test-method> <!-- tearDown -->
        <test-method is-config="true" signature="launchApplication()[pri:0, instance:Tests.PositiveTests@5d534f5d]" started-at="2024-04-27T09:12:02 EDT" name="launchApplication" finished-at="2024-04-27T09:12:07 EDT" duration-ms="5423" status="PASS">
          <reporter-output>
          </reporter-output>
        </test-method> <!-- launchApplication -->
        <test-method signature="submitOrder(java.util.HashMap)[pri:0, instance:Tests.PositiveTests@5d534f5d]" started-at="2024-04-27T09:12:07 EDT" name="submitOrder" data-provider="getData" finished-at="2024-04-27T09:12:12 EDT" duration-ms="4245" status="PASS">
          <params>
            <param index="0">
              <value>
                <![CDATA[{password=Dumsdumsdums3@, product=ADIDAS ORIGINAL, email=dums@dum.dum}]]>
              </value>
            </param>
          </params>
          <reporter-output>
          </reporter-output>
        </test-method> <!-- submitOrder -->
        <test-method is-config="true" signature="tearDown()[pri:0, instance:Tests.PositiveTests@5d534f5d]" started-at="2024-04-27T09:12:12 EDT" name="tearDown" finished-at="2024-04-27T09:12:12 EDT" duration-ms="176" status="PASS">
          <reporter-output>
          </reporter-output>
        </test-method> <!-- tearDown -->
        <test-method is-config="true" signature="launchApplication()[pri:0, instance:Tests.PositiveTests@5d534f5d]" started-at="2024-04-27T09:12:12 EDT" name="launchApplication" finished-at="2024-04-27T09:12:18 EDT" duration-ms="5894" status="PASS">
          <reporter-output>
          </reporter-output>
        </test-method> <!-- launchApplication -->
        <test-method signature="orderHistoryTest()[pri:0, instance:Tests.PositiveTests@5d534f5d]" started-at="2024-04-27T09:12:18 EDT" name="orderHistoryTest" finished-at="2024-04-27T09:12:19 EDT" depends-on-methods="Tests.PositiveTests.submitOrder" duration-ms="1244" status="PASS">
          <reporter-output>
          </reporter-output>
        </test-method> <!-- orderHistoryTest -->
        <test-method is-config="true" signature="tearDown()[pri:0, instance:Tests.PositiveTests@5d534f5d]" started-at="2024-04-27T09:12:19 EDT" name="tearDown" finished-at="2024-04-27T09:12:19 EDT" duration-ms="130" status="PASS">
          <reporter-output>
          </reporter-output>
        </test-method> <!-- tearDown -->
      </class> <!-- Tests.PositiveTests -->
    </test> <!-- Positive Tests -->
  </suite> <!-- All Test Suite -->
</testng-results>
