<?xml version="1.0" encoding="UTF-8"?>
<!-- Generated by org.testng.reporters.JUnitXMLReporter -->
<testsuite ignored="0" hostname="Karthiks-MBP.lan" failures="0" tests="3" name="Positive Tests" time="31.902" errors="0" timestamp="2024-04-27T09:12:19 EDT">
  <testcase classname="Tests.PositiveTests" name="submitOrder" time="5.254"/>
  <testcase classname="Tests.PositiveTests" name="submitOrder" time="4.245"/>
  <testcase classname="Tests.PositiveTests" name="orderHistoryTest" time="1.244"/>
</testsuite> <!-- Positive Tests -->
