<?xml version="1.0" encoding="UTF-8"?>
<!-- Generated by org.testng.reporters.JUnitXMLReporter -->
<testsuite ignored="0" hostname="Karthiks-MBP.lan" failures="0" tests="3" name="Positive Tests" time="31.315" errors="0" timestamp="2024-04-26T19:44:53 EDT">
  <testcase classname="karthikTests.PositiveTests" name="submitOrder" time="4.992"/>
  <testcase classname="karthikTests.PositiveTests" name="submitOrder" time="4.506"/>
  <testcase classname="karthikTests.PositiveTests" name="orderHistoryTest" time="1.231"/>
</testsuite> <!-- Positive Tests -->
